<?xml version="1.0" encoding="UTF-8"?>
<testsuite name="org.mockito.release.comparison.ZipCompareTest" tests="2" skipped="0" failures="0" errors="0" timestamp="2020-11-02T15:45:00" hostname="pourias-MacBook-Pro-2.local" time="0.202">
  <properties/>
  <testcase name="compares zips" classname="org.mockito.release.comparison.ZipCompareTest" time="0.188"/>
  <testcase name="fails early when any of the zips cannot be opened" classname="org.mockito.release.comparison.ZipCompareTest" time="0.014"/>
  <system-out><![CDATA[07:45:00.278 [Test worker] INFO  o.m.release.comparison.ZipCompare - Comparing /var/folders/f5/s1nzh6952gx5xjqgm27p73s00000gn/T/junit8499913671983180392/junit7867190473872914957/zip-1.zip with /var/folders/f5/s1nzh6952gx5xjqgm27p73s00000gn/T/junit8499913671983180392/junit7867190473872914957/zip-2.zip
07:45:00.288 [Test worker] INFO  o.m.release.comparison.ZipCompare - 4 entries matched
07:45:00.322 [Test worker] INFO  o.m.release.comparison.ZipCompare - Comparing /var/folders/f5/s1nzh6952gx5xjqgm27p73s00000gn/T/junit8499913671983180392/junit7867190473872914957/zip-2.zip with /var/folders/f5/s1nzh6952gx5xjqgm27p73s00000gn/T/junit8499913671983180392/junit7867190473872914957/zip-1.zip
07:45:00.324 [Test worker] INFO  o.m.release.comparison.ZipCompare - 4 entries matched
07:45:00.325 [Test worker] INFO  o.m.release.comparison.ZipCompare - Comparing /var/folders/f5/s1nzh6952gx5xjqgm27p73s00000gn/T/junit8499913671983180392/junit7867190473872914957/zip-6.zip with /var/folders/f5/s1nzh6952gx5xjqgm27p73s00000gn/T/junit8499913671983180392/junit7867190473872914957/zip-7.zip
07:45:00.325 [Test worker] INFO  o.m.release.comparison.ZipCompare - 0 entries matched
07:45:00.328 [Test worker] INFO  o.m.release.comparison.ZipCompare - Comparing /var/folders/f5/s1nzh6952gx5xjqgm27p73s00000gn/T/junit8499913671983180392/junit7867190473872914957/zip-7.zip with /var/folders/f5/s1nzh6952gx5xjqgm27p73s00000gn/T/junit8499913671983180392/junit7867190473872914957/zip-6.zip
07:45:00.329 [Test worker] INFO  o.m.release.comparison.ZipCompare - 0 entries matched
07:45:00.330 [Test worker] INFO  o.m.release.comparison.ZipCompare - Comparing /var/folders/f5/s1nzh6952gx5xjqgm27p73s00000gn/T/junit8499913671983180392/junit7867190473872914957/zip-1.zip with /var/folders/f5/s1nzh6952gx5xjqgm27p73s00000gn/T/junit8499913671983180392/junit7867190473872914957/zip-3.zip
07:45:00.340 [Test worker] INFO  o.m.release.comparison.ZipCompare - x/y/4.txt does not match
07:45:00.340 [Test worker] INFO  o.m.release.comparison.ZipCompare - 3 entries matched
07:45:00.341 [Test worker] INFO  o.m.release.comparison.ZipCompare - 1 entries did not match
07:45:00.343 [Test worker] INFO  o.m.release.comparison.ZipCompare - Comparing /var/folders/f5/s1nzh6952gx5xjqgm27p73s00000gn/T/junit8499913671983180392/junit7867190473872914957/zip-1.zip with /var/folders/f5/s1nzh6952gx5xjqgm27p73s00000gn/T/junit8499913671983180392/junit7867190473872914957/zip-4.zip
07:45:00.344 [Test worker] INFO  o.m.release.comparison.ZipCompare - x/y/4.txt not found in /var/folders/f5/s1nzh6952gx5xjqgm27p73s00000gn/T/junit8499913671983180392/junit7867190473872914957/zip-4.zip
07:45:00.346 [Test worker] INFO  o.m.release.comparison.ZipCompare - 3 entries matched
07:45:00.353 [Test worker] INFO  o.m.release.comparison.ZipCompare - 1 entries did not match
07:45:00.354 [Test worker] INFO  o.m.release.comparison.ZipCompare - Comparing /var/folders/f5/s1nzh6952gx5xjqgm27p73s00000gn/T/junit8499913671983180392/junit7867190473872914957/zip-1.zip with /var/folders/f5/s1nzh6952gx5xjqgm27p73s00000gn/T/junit8499913671983180392/junit7867190473872914957/zip-5.zip
07:45:00.355 [Test worker] INFO  o.m.release.comparison.ZipCompare - x.txt not found in /var/folders/f5/s1nzh6952gx5xjqgm27p73s00000gn/T/junit8499913671983180392/junit7867190473872914957/zip-1.zip
07:45:00.355 [Test worker] INFO  o.m.release.comparison.ZipCompare - 4 entries matched
07:45:00.355 [Test worker] INFO  o.m.release.comparison.ZipCompare - 1 entries did not match
07:45:00.356 [Test worker] INFO  o.m.release.comparison.ZipCompare - Comparing /var/folders/f5/s1nzh6952gx5xjqgm27p73s00000gn/T/junit8499913671983180392/junit7867190473872914957/zip-1.zip with /var/folders/f5/s1nzh6952gx5xjqgm27p73s00000gn/T/junit8499913671983180392/junit7867190473872914957/zip-6.zip
07:45:00.357 [Test worker] INFO  o.m.release.comparison.ZipCompare - 1.txt not found in /var/folders/f5/s1nzh6952gx5xjqgm27p73s00000gn/T/junit8499913671983180392/junit7867190473872914957/zip-6.zip
07:45:00.357 [Test worker] INFO  o.m.release.comparison.ZipCompare - x/2.txt not found in /var/folders/f5/s1nzh6952gx5xjqgm27p73s00000gn/T/junit8499913671983180392/junit7867190473872914957/zip-6.zip
07:45:00.357 [Test worker] INFO  o.m.release.comparison.ZipCompare - x/y/3.txt not found in /var/folders/f5/s1nzh6952gx5xjqgm27p73s00000gn/T/junit8499913671983180392/junit7867190473872914957/zip-6.zip
07:45:00.357 [Test worker] INFO  o.m.release.comparison.ZipCompare - x/y/4.txt not found in /var/folders/f5/s1nzh6952gx5xjqgm27p73s00000gn/T/junit8499913671983180392/junit7867190473872914957/zip-6.zip
07:45:00.357 [Test worker] INFO  o.m.release.comparison.ZipCompare - 0 entries matched
07:45:00.359 [Test worker] INFO  o.m.release.comparison.ZipCompare - 4 entries did not match
]]></system-out>
  <system-err><![CDATA[]]></system-err>
</testsuite>
