<?xml version="1.0" encoding="UTF-8"?>
<testsuite name="org.mockito.release.comparison.ZipCompareTest" tests="2" skipped="0" failures="0" errors="0" timestamp="2020-11-02T15:36:01" hostname="pourias-MacBook-Pro-2.local" time="0.13">
  <properties/>
  <testcase name="compares zips" classname="org.mockito.release.comparison.ZipCompareTest" time="0.126"/>
  <testcase name="fails early when any of the zips cannot be opened" classname="org.mockito.release.comparison.ZipCompareTest" time="0.004"/>
  <system-out><![CDATA[07:36:01.529 [Test worker] INFO  o.m.release.comparison.ZipCompare - Comparing /var/folders/f5/s1nzh6952gx5xjqgm27p73s00000gn/T/junit5884050396345951661/junit3315921998469935203/zip-1.zip with /var/folders/f5/s1nzh6952gx5xjqgm27p73s00000gn/T/junit5884050396345951661/junit3315921998469935203/zip-2.zip
07:36:01.531 [Test worker] INFO  o.m.release.comparison.ZipCompare - 4 entries matched
07:36:01.532 [Test worker] INFO  o.m.release.comparison.ZipCompare - Comparing /var/folders/f5/s1nzh6952gx5xjqgm27p73s00000gn/T/junit5884050396345951661/junit3315921998469935203/zip-2.zip with /var/folders/f5/s1nzh6952gx5xjqgm27p73s00000gn/T/junit5884050396345951661/junit3315921998469935203/zip-1.zip
07:36:01.532 [Test worker] INFO  o.m.release.comparison.ZipCompare - 4 entries matched
07:36:01.533 [Test worker] INFO  o.m.release.comparison.ZipCompare - Comparing /var/folders/f5/s1nzh6952gx5xjqgm27p73s00000gn/T/junit5884050396345951661/junit3315921998469935203/zip-1.zip with /var/folders/f5/s1nzh6952gx5xjqgm27p73s00000gn/T/junit5884050396345951661/junit3315921998469935203/zip-3.zip
07:36:01.534 [Test worker] INFO  o.m.release.comparison.ZipCompare - x/y/4.txt does not match
07:36:01.535 [Test worker] INFO  o.m.release.comparison.ZipCompare - 3 entries matched
07:36:01.536 [Test worker] INFO  o.m.release.comparison.ZipCompare - 1 entries did not match
07:36:01.536 [Test worker] INFO  o.m.release.comparison.ZipCompare - Comparing /var/folders/f5/s1nzh6952gx5xjqgm27p73s00000gn/T/junit5884050396345951661/junit3315921998469935203/zip-1.zip with /var/folders/f5/s1nzh6952gx5xjqgm27p73s00000gn/T/junit5884050396345951661/junit3315921998469935203/zip-4.zip
07:36:01.537 [Test worker] INFO  o.m.release.comparison.ZipCompare - x/y/4.txt not found in /var/folders/f5/s1nzh6952gx5xjqgm27p73s00000gn/T/junit5884050396345951661/junit3315921998469935203/zip-4.zip
07:36:01.537 [Test worker] INFO  o.m.release.comparison.ZipCompare - 3 entries matched
07:36:01.537 [Test worker] INFO  o.m.release.comparison.ZipCompare - 1 entries did not match
07:36:01.538 [Test worker] INFO  o.m.release.comparison.ZipCompare - Comparing /var/folders/f5/s1nzh6952gx5xjqgm27p73s00000gn/T/junit5884050396345951661/junit3315921998469935203/zip-1.zip with /var/folders/f5/s1nzh6952gx5xjqgm27p73s00000gn/T/junit5884050396345951661/junit3315921998469935203/zip-5.zip
07:36:01.538 [Test worker] INFO  o.m.release.comparison.ZipCompare - x.txt not found in /var/folders/f5/s1nzh6952gx5xjqgm27p73s00000gn/T/junit5884050396345951661/junit3315921998469935203/zip-1.zip
07:36:01.538 [Test worker] INFO  o.m.release.comparison.ZipCompare - 4 entries matched
07:36:01.538 [Test worker] INFO  o.m.release.comparison.ZipCompare - 1 entries did not match
]]></system-out>
  <system-err><![CDATA[]]></system-err>
</testsuite>
