<?xml version="1.0" encoding="UTF-8"?>
<testsuite name="org.mockito.release.git.DefaultGitToolTest" tests="1" skipped="0" failures="0" errors="0" timestamp="2021-03-10T19:48:38" hostname="poorias-TuDelft-MacBook.local" time="0.004">
  <properties/>
  <testcase name="sets author" classname="org.mockito.release.git.DefaultGitToolTest" time="0.004"/>
  <system-out><![CDATA[]]></system-out>
  <system-err><![CDATA[]]></system-err>
</testsuite>
