<?xml version="1.0" encoding="UTF-8"?>
<testsuite name="org.mockito.release.notes.versions.FromNotesContentTest" tests="2" skipped="0" failures="0" errors="0" timestamp="2020-11-02T15:36:00" hostname="pourias-MacBook-Pro-2.local" time="0.005">
  <properties/>
  <testcase name="gets previous version from notes content" classname="org.mockito.release.notes.versions.FromNotesContentTest" time="0.005"/>
  <testcase name="throws reasonable exception if version cannot be parsed" classname="org.mockito.release.notes.versions.FromNotesContentTest" time="0.0"/>
  <system-out><![CDATA[]]></system-out>
  <system-err><![CDATA[]]></system-err>
</testsuite>
