<?xml version="1.0" encoding="UTF-8"?>
<testsuite name="org.mockito.release.comparison.ZipComparatorTest" tests="2" skipped="0" failures="0" errors="0" timestamp="2021-03-10T19:48:38" hostname="poorias-TuDelft-MacBook.local" time="0.016">
  <properties/>
  <testcase name="compares files" classname="org.mockito.release.comparison.ZipComparatorTest" time="0.012"/>
  <testcase name="detects not equal zips" classname="org.mockito.release.comparison.ZipComparatorTest" time="0.004"/>
  <system-out><![CDATA[]]></system-out>
  <system-err><![CDATA[]]></system-err>
</testsuite>
