<?xml version="1.0" encoding="UTF-8"?>
<testsuite name="org.mockito.release.exec.DefaultProcessRunnerTest" tests="1" skipped="0" failures="0" errors="0" timestamp="2021-03-10T21:08:24" hostname="poorias-TuDelft-MacBook.local" time="0.04">
  <properties/>
  <testcase name="runs processes" classname="org.mockito.release.exec.DefaultProcessRunnerTest" time="0.04"/>
  <system-out><![CDATA[13:08:24.582 [Test worker] INFO  o.m.r.exec.DefaultProcessRunner - Executing command: [ls]
]]></system-out>
  <system-err><![CDATA[]]></system-err>
</testsuite>
