<?xml version="1.0" encoding="UTF-8"?>
<testsuite name="org.mockito.release.comparison.ZipCompareTest" tests="2" skipped="0" failures="0" errors="0" timestamp="2020-11-02T15:48:13" hostname="pourias-MacBook-Pro-2.local" time="0.073">
  <properties/>
  <testcase name="compares zips" classname="org.mockito.release.comparison.ZipCompareTest" time="0.07"/>
  <testcase name="fails early when any of the zips cannot be opened" classname="org.mockito.release.comparison.ZipCompareTest" time="0.003"/>
  <system-out><![CDATA[07:48:13.673 [Test worker] INFO  o.m.release.comparison.ZipCompare - Comparing /var/folders/f5/s1nzh6952gx5xjqgm27p73s00000gn/T/junit5979185156984294846/junit1263111665758518094/zip-1.zip with /var/folders/f5/s1nzh6952gx5xjqgm27p73s00000gn/T/junit5979185156984294846/junit1263111665758518094/zip-2.zip
07:48:13.674 [Test worker] INFO  o.m.release.comparison.ZipCompare - 4 entries matched
07:48:13.674 [Test worker] INFO  o.m.release.comparison.ZipCompare - Comparing /var/folders/f5/s1nzh6952gx5xjqgm27p73s00000gn/T/junit5979185156984294846/junit1263111665758518094/zip-2.zip with /var/folders/f5/s1nzh6952gx5xjqgm27p73s00000gn/T/junit5979185156984294846/junit1263111665758518094/zip-1.zip
07:48:13.675 [Test worker] INFO  o.m.release.comparison.ZipCompare - 4 entries matched
07:48:13.675 [Test worker] INFO  o.m.release.comparison.ZipCompare - Comparing /var/folders/f5/s1nzh6952gx5xjqgm27p73s00000gn/T/junit5979185156984294846/junit1263111665758518094/zip-6.zip with /var/folders/f5/s1nzh6952gx5xjqgm27p73s00000gn/T/junit5979185156984294846/junit1263111665758518094/zip-7.zip
07:48:13.675 [Test worker] INFO  o.m.release.comparison.ZipCompare - 0 entries matched
07:48:13.676 [Test worker] INFO  o.m.release.comparison.ZipCompare - Comparing /var/folders/f5/s1nzh6952gx5xjqgm27p73s00000gn/T/junit5979185156984294846/junit1263111665758518094/zip-7.zip with /var/folders/f5/s1nzh6952gx5xjqgm27p73s00000gn/T/junit5979185156984294846/junit1263111665758518094/zip-6.zip
07:48:13.676 [Test worker] INFO  o.m.release.comparison.ZipCompare - 0 entries matched
07:48:13.676 [Test worker] INFO  o.m.release.comparison.ZipCompare - Comparing /var/folders/f5/s1nzh6952gx5xjqgm27p73s00000gn/T/junit5979185156984294846/junit1263111665758518094/zip-1.zip with /var/folders/f5/s1nzh6952gx5xjqgm27p73s00000gn/T/junit5979185156984294846/junit1263111665758518094/zip-3.zip
07:48:13.677 [Test worker] INFO  o.m.release.comparison.ZipCompare - x/y/4.txt does not match
07:48:13.677 [Test worker] INFO  o.m.release.comparison.ZipCompare - 3 entries matched
07:48:13.677 [Test worker] INFO  o.m.release.comparison.ZipCompare - 1 entries did not match
07:48:13.677 [Test worker] INFO  o.m.release.comparison.ZipCompare - Comparing /var/folders/f5/s1nzh6952gx5xjqgm27p73s00000gn/T/junit5979185156984294846/junit1263111665758518094/zip-1.zip with /var/folders/f5/s1nzh6952gx5xjqgm27p73s00000gn/T/junit5979185156984294846/junit1263111665758518094/zip-4.zip
07:48:13.678 [Test worker] INFO  o.m.release.comparison.ZipCompare - x/y/4.txt not found in /var/folders/f5/s1nzh6952gx5xjqgm27p73s00000gn/T/junit5979185156984294846/junit1263111665758518094/zip-4.zip
07:48:13.678 [Test worker] INFO  o.m.release.comparison.ZipCompare - 3 entries matched
07:48:13.678 [Test worker] INFO  o.m.release.comparison.ZipCompare - 1 entries did not match
07:48:13.678 [Test worker] INFO  o.m.release.comparison.ZipCompare - Comparing /var/folders/f5/s1nzh6952gx5xjqgm27p73s00000gn/T/junit5979185156984294846/junit1263111665758518094/zip-1.zip with /var/folders/f5/s1nzh6952gx5xjqgm27p73s00000gn/T/junit5979185156984294846/junit1263111665758518094/zip-5.zip
07:48:13.679 [Test worker] INFO  o.m.release.comparison.ZipCompare - x.txt not found in /var/folders/f5/s1nzh6952gx5xjqgm27p73s00000gn/T/junit5979185156984294846/junit1263111665758518094/zip-1.zip
07:48:13.679 [Test worker] INFO  o.m.release.comparison.ZipCompare - 4 entries matched
07:48:13.679 [Test worker] INFO  o.m.release.comparison.ZipCompare - 1 entries did not match
07:48:13.680 [Test worker] INFO  o.m.release.comparison.ZipCompare - Comparing /var/folders/f5/s1nzh6952gx5xjqgm27p73s00000gn/T/junit5979185156984294846/junit1263111665758518094/zip-1.zip with /var/folders/f5/s1nzh6952gx5xjqgm27p73s00000gn/T/junit5979185156984294846/junit1263111665758518094/zip-6.zip
07:48:13.680 [Test worker] INFO  o.m.release.comparison.ZipCompare - 1.txt not found in /var/folders/f5/s1nzh6952gx5xjqgm27p73s00000gn/T/junit5979185156984294846/junit1263111665758518094/zip-6.zip
07:48:13.680 [Test worker] INFO  o.m.release.comparison.ZipCompare - x/2.txt not found in /var/folders/f5/s1nzh6952gx5xjqgm27p73s00000gn/T/junit5979185156984294846/junit1263111665758518094/zip-6.zip
07:48:13.680 [Test worker] INFO  o.m.release.comparison.ZipCompare - x/y/3.txt not found in /var/folders/f5/s1nzh6952gx5xjqgm27p73s00000gn/T/junit5979185156984294846/junit1263111665758518094/zip-6.zip
07:48:13.681 [Test worker] INFO  o.m.release.comparison.ZipCompare - x/y/4.txt not found in /var/folders/f5/s1nzh6952gx5xjqgm27p73s00000gn/T/junit5979185156984294846/junit1263111665758518094/zip-6.zip
07:48:13.684 [Test worker] INFO  o.m.release.comparison.ZipCompare - 0 entries matched
07:48:13.684 [Test worker] INFO  o.m.release.comparison.ZipCompare - 4 entries did not match
]]></system-out>
  <system-err><![CDATA[]]></system-err>
</testsuite>
