<?xml version="1.0" encoding="UTF-8"?>
<testsuite name="org.mockito.release.comparison.ZipCompareTest" tests="2" skipped="0" failures="0" errors="0" timestamp="2021-03-10T21:08:24" hostname="poorias-TuDelft-MacBook.local" time="0.077">
  <properties/>
  <testcase name="compares zips" classname="org.mockito.release.comparison.ZipCompareTest" time="0.072"/>
  <testcase name="fails early when any of the zips cannot be opened" classname="org.mockito.release.comparison.ZipCompareTest" time="0.005"/>
  <system-out><![CDATA[13:08:24.650 [Test worker] INFO  o.m.release.comparison.ZipCompare - Comparing /var/folders/t4/0qd1kfm97tz9g17z439t2gmm0000gn/T/junit908294447015811598/junit6377663622935314947/zip-1.zip with /var/folders/t4/0qd1kfm97tz9g17z439t2gmm0000gn/T/junit908294447015811598/junit6377663622935314947/zip-2.zip
13:08:24.652 [Test worker] INFO  o.m.release.comparison.ZipCompare - 4 entries matched
13:08:24.652 [Test worker] INFO  o.m.release.comparison.ZipCompare - Comparing /var/folders/t4/0qd1kfm97tz9g17z439t2gmm0000gn/T/junit908294447015811598/junit6377663622935314947/zip-2.zip with /var/folders/t4/0qd1kfm97tz9g17z439t2gmm0000gn/T/junit908294447015811598/junit6377663622935314947/zip-1.zip
13:08:24.653 [Test worker] INFO  o.m.release.comparison.ZipCompare - 4 entries matched
13:08:24.653 [Test worker] INFO  o.m.release.comparison.ZipCompare - Comparing /var/folders/t4/0qd1kfm97tz9g17z439t2gmm0000gn/T/junit908294447015811598/junit6377663622935314947/zip-6.zip with /var/folders/t4/0qd1kfm97tz9g17z439t2gmm0000gn/T/junit908294447015811598/junit6377663622935314947/zip-7.zip
13:08:24.653 [Test worker] INFO  o.m.release.comparison.ZipCompare - 0 entries matched
13:08:24.654 [Test worker] INFO  o.m.release.comparison.ZipCompare - Comparing /var/folders/t4/0qd1kfm97tz9g17z439t2gmm0000gn/T/junit908294447015811598/junit6377663622935314947/zip-7.zip with /var/folders/t4/0qd1kfm97tz9g17z439t2gmm0000gn/T/junit908294447015811598/junit6377663622935314947/zip-6.zip
13:08:24.654 [Test worker] INFO  o.m.release.comparison.ZipCompare - 0 entries matched
13:08:24.655 [Test worker] INFO  o.m.release.comparison.ZipCompare - Comparing /var/folders/t4/0qd1kfm97tz9g17z439t2gmm0000gn/T/junit908294447015811598/junit6377663622935314947/zip-1.zip with /var/folders/t4/0qd1kfm97tz9g17z439t2gmm0000gn/T/junit908294447015811598/junit6377663622935314947/zip-3.zip
13:08:24.656 [Test worker] INFO  o.m.release.comparison.ZipCompare - x/y/4.txt does not match
13:08:24.656 [Test worker] INFO  o.m.release.comparison.ZipCompare - 3 entries matched
13:08:24.656 [Test worker] INFO  o.m.release.comparison.ZipCompare - 1 entries did not match
13:08:24.657 [Test worker] INFO  o.m.release.comparison.ZipCompare - Comparing /var/folders/t4/0qd1kfm97tz9g17z439t2gmm0000gn/T/junit908294447015811598/junit6377663622935314947/zip-1.zip with /var/folders/t4/0qd1kfm97tz9g17z439t2gmm0000gn/T/junit908294447015811598/junit6377663622935314947/zip-4.zip
13:08:24.658 [Test worker] INFO  o.m.release.comparison.ZipCompare - x/y/4.txt not found in /var/folders/t4/0qd1kfm97tz9g17z439t2gmm0000gn/T/junit908294447015811598/junit6377663622935314947/zip-4.zip
13:08:24.658 [Test worker] INFO  o.m.release.comparison.ZipCompare - 3 entries matched
13:08:24.661 [Test worker] INFO  o.m.release.comparison.ZipCompare - 1 entries did not match
13:08:24.661 [Test worker] INFO  o.m.release.comparison.ZipCompare - Comparing /var/folders/t4/0qd1kfm97tz9g17z439t2gmm0000gn/T/junit908294447015811598/junit6377663622935314947/zip-1.zip with /var/folders/t4/0qd1kfm97tz9g17z439t2gmm0000gn/T/junit908294447015811598/junit6377663622935314947/zip-5.zip
13:08:24.662 [Test worker] INFO  o.m.release.comparison.ZipCompare - x.txt not found in /var/folders/t4/0qd1kfm97tz9g17z439t2gmm0000gn/T/junit908294447015811598/junit6377663622935314947/zip-1.zip
13:08:24.662 [Test worker] INFO  o.m.release.comparison.ZipCompare - 4 entries matched
13:08:24.662 [Test worker] INFO  o.m.release.comparison.ZipCompare - 1 entries did not match
13:08:24.662 [Test worker] INFO  o.m.release.comparison.ZipCompare - Comparing /var/folders/t4/0qd1kfm97tz9g17z439t2gmm0000gn/T/junit908294447015811598/junit6377663622935314947/zip-1.zip with /var/folders/t4/0qd1kfm97tz9g17z439t2gmm0000gn/T/junit908294447015811598/junit6377663622935314947/zip-6.zip
13:08:24.663 [Test worker] INFO  o.m.release.comparison.ZipCompare - 1.txt not found in /var/folders/t4/0qd1kfm97tz9g17z439t2gmm0000gn/T/junit908294447015811598/junit6377663622935314947/zip-6.zip
13:08:24.663 [Test worker] INFO  o.m.release.comparison.ZipCompare - x/2.txt not found in /var/folders/t4/0qd1kfm97tz9g17z439t2gmm0000gn/T/junit908294447015811598/junit6377663622935314947/zip-6.zip
13:08:24.663 [Test worker] INFO  o.m.release.comparison.ZipCompare - x/y/3.txt not found in /var/folders/t4/0qd1kfm97tz9g17z439t2gmm0000gn/T/junit908294447015811598/junit6377663622935314947/zip-6.zip
13:08:24.663 [Test worker] INFO  o.m.release.comparison.ZipCompare - x/y/4.txt not found in /var/folders/t4/0qd1kfm97tz9g17z439t2gmm0000gn/T/junit908294447015811598/junit6377663622935314947/zip-6.zip
13:08:24.663 [Test worker] INFO  o.m.release.comparison.ZipCompare - 0 entries matched
13:08:24.663 [Test worker] INFO  o.m.release.comparison.ZipCompare - 4 entries did not match
]]></system-out>
  <system-err><![CDATA[]]></system-err>
</testsuite>
