<?xml version="1.0" encoding="UTF-8"?>
<testsuite name="org.mockito.release.notes.NotesPrinterTest" tests="1" skipped="0" failures="0" errors="0" timestamp="2021-03-10T20:17:22" hostname="poorias-TuDelft-MacBook.local" time="0.029">
  <properties/>
  <testcase name="prints notes" classname="org.mockito.release.notes.NotesPrinterTest" time="0.029"/>
  <system-out><![CDATA[]]></system-out>
  <system-err><![CDATA[]]></system-err>
</testsuite>
