<?xml version="1.0" encoding="UTF-8"?>
<testsuite name="org.mockito.release.comparison.ZipCompareTest" tests="2" skipped="0" failures="0" errors="0" timestamp="2021-03-10T20:17:22" hostname="poorias-TuDelft-MacBook.local" time="0.052">
  <properties/>
  <testcase name="compares zips" classname="org.mockito.release.comparison.ZipCompareTest" time="0.05"/>
  <testcase name="fails early when any of the zips cannot be opened" classname="org.mockito.release.comparison.ZipCompareTest" time="0.002"/>
  <system-out><![CDATA[12:17:22.616 [Test worker] INFO  o.m.release.comparison.ZipCompare - Comparing /var/folders/t4/0qd1kfm97tz9g17z439t2gmm0000gn/T/junit4250769924463439907/junit6178234999665699858/zip-1.zip with /var/folders/t4/0qd1kfm97tz9g17z439t2gmm0000gn/T/junit4250769924463439907/junit6178234999665699858/zip-2.zip
12:17:22.617 [Test worker] INFO  o.m.release.comparison.ZipCompare - 4 entries matched
12:17:22.617 [Test worker] INFO  o.m.release.comparison.ZipCompare - Comparing /var/folders/t4/0qd1kfm97tz9g17z439t2gmm0000gn/T/junit4250769924463439907/junit6178234999665699858/zip-2.zip with /var/folders/t4/0qd1kfm97tz9g17z439t2gmm0000gn/T/junit4250769924463439907/junit6178234999665699858/zip-1.zip
12:17:22.617 [Test worker] INFO  o.m.release.comparison.ZipCompare - 4 entries matched
12:17:22.618 [Test worker] INFO  o.m.release.comparison.ZipCompare - Comparing /var/folders/t4/0qd1kfm97tz9g17z439t2gmm0000gn/T/junit4250769924463439907/junit6178234999665699858/zip-1.zip with /var/folders/t4/0qd1kfm97tz9g17z439t2gmm0000gn/T/junit4250769924463439907/junit6178234999665699858/zip-3.zip
12:17:22.618 [Test worker] INFO  o.m.release.comparison.ZipCompare - x/y/4.txt does not match
12:17:22.618 [Test worker] INFO  o.m.release.comparison.ZipCompare - 3 entries matched
12:17:22.619 [Test worker] INFO  o.m.release.comparison.ZipCompare - 1 entries did not match
12:17:22.619 [Test worker] INFO  o.m.release.comparison.ZipCompare - Comparing /var/folders/t4/0qd1kfm97tz9g17z439t2gmm0000gn/T/junit4250769924463439907/junit6178234999665699858/zip-1.zip with /var/folders/t4/0qd1kfm97tz9g17z439t2gmm0000gn/T/junit4250769924463439907/junit6178234999665699858/zip-4.zip
12:17:22.620 [Test worker] INFO  o.m.release.comparison.ZipCompare - x/y/4.txt not found in /var/folders/t4/0qd1kfm97tz9g17z439t2gmm0000gn/T/junit4250769924463439907/junit6178234999665699858/zip-4.zip
12:17:22.620 [Test worker] INFO  o.m.release.comparison.ZipCompare - 3 entries matched
12:17:22.620 [Test worker] INFO  o.m.release.comparison.ZipCompare - 1 entries did not match
12:17:22.620 [Test worker] INFO  o.m.release.comparison.ZipCompare - Comparing /var/folders/t4/0qd1kfm97tz9g17z439t2gmm0000gn/T/junit4250769924463439907/junit6178234999665699858/zip-1.zip with /var/folders/t4/0qd1kfm97tz9g17z439t2gmm0000gn/T/junit4250769924463439907/junit6178234999665699858/zip-5.zip
12:17:22.621 [Test worker] INFO  o.m.release.comparison.ZipCompare - x.txt not found in /var/folders/t4/0qd1kfm97tz9g17z439t2gmm0000gn/T/junit4250769924463439907/junit6178234999665699858/zip-1.zip
12:17:22.621 [Test worker] INFO  o.m.release.comparison.ZipCompare - 4 entries matched
12:17:22.621 [Test worker] INFO  o.m.release.comparison.ZipCompare - 1 entries did not match
]]></system-out>
  <system-err><![CDATA[]]></system-err>
</testsuite>
