<?xml version="1.0" encoding="UTF-8"?>
<testsuite name="org.mockito.release.comparison.ZipCompareTest" tests="2" skipped="0" failures="0" errors="0" timestamp="2020-11-02T15:37:28" hostname="pourias-MacBook-Pro-2.local" time="0.074">
  <properties/>
  <testcase name="compares zips" classname="org.mockito.release.comparison.ZipCompareTest" time="0.07"/>
  <testcase name="fails early when any of the zips cannot be opened" classname="org.mockito.release.comparison.ZipCompareTest" time="0.004"/>
  <system-out><![CDATA[07:37:28.310 [Test worker] INFO  o.m.release.comparison.ZipCompare - Comparing /var/folders/f5/s1nzh6952gx5xjqgm27p73s00000gn/T/junit8827716995021709112/junit2671666551107952532/zip-1.zip with /var/folders/f5/s1nzh6952gx5xjqgm27p73s00000gn/T/junit8827716995021709112/junit2671666551107952532/zip-2.zip
07:37:28.311 [Test worker] INFO  o.m.release.comparison.ZipCompare - 4 entries matched
07:37:28.311 [Test worker] INFO  o.m.release.comparison.ZipCompare - Comparing /var/folders/f5/s1nzh6952gx5xjqgm27p73s00000gn/T/junit8827716995021709112/junit2671666551107952532/zip-2.zip with /var/folders/f5/s1nzh6952gx5xjqgm27p73s00000gn/T/junit8827716995021709112/junit2671666551107952532/zip-1.zip
07:37:28.312 [Test worker] INFO  o.m.release.comparison.ZipCompare - 4 entries matched
07:37:28.312 [Test worker] INFO  o.m.release.comparison.ZipCompare - Comparing /var/folders/f5/s1nzh6952gx5xjqgm27p73s00000gn/T/junit8827716995021709112/junit2671666551107952532/zip-1.zip with /var/folders/f5/s1nzh6952gx5xjqgm27p73s00000gn/T/junit8827716995021709112/junit2671666551107952532/zip-3.zip
07:37:28.312 [Test worker] INFO  o.m.release.comparison.ZipCompare - x/y/4.txt does not match
07:37:28.313 [Test worker] INFO  o.m.release.comparison.ZipCompare - 3 entries matched
07:37:28.313 [Test worker] INFO  o.m.release.comparison.ZipCompare - 1 entries did not match
07:37:28.313 [Test worker] INFO  o.m.release.comparison.ZipCompare - Comparing /var/folders/f5/s1nzh6952gx5xjqgm27p73s00000gn/T/junit8827716995021709112/junit2671666551107952532/zip-1.zip with /var/folders/f5/s1nzh6952gx5xjqgm27p73s00000gn/T/junit8827716995021709112/junit2671666551107952532/zip-4.zip
07:37:28.314 [Test worker] INFO  o.m.release.comparison.ZipCompare - x/y/4.txt not found in /var/folders/f5/s1nzh6952gx5xjqgm27p73s00000gn/T/junit8827716995021709112/junit2671666551107952532/zip-4.zip
07:37:28.314 [Test worker] INFO  o.m.release.comparison.ZipCompare - 3 entries matched
07:37:28.314 [Test worker] INFO  o.m.release.comparison.ZipCompare - 1 entries did not match
07:37:28.315 [Test worker] INFO  o.m.release.comparison.ZipCompare - Comparing /var/folders/f5/s1nzh6952gx5xjqgm27p73s00000gn/T/junit8827716995021709112/junit2671666551107952532/zip-1.zip with /var/folders/f5/s1nzh6952gx5xjqgm27p73s00000gn/T/junit8827716995021709112/junit2671666551107952532/zip-5.zip
07:37:28.315 [Test worker] INFO  o.m.release.comparison.ZipCompare - x.txt not found in /var/folders/f5/s1nzh6952gx5xjqgm27p73s00000gn/T/junit8827716995021709112/junit2671666551107952532/zip-1.zip
07:37:28.315 [Test worker] INFO  o.m.release.comparison.ZipCompare - 4 entries matched
07:37:28.316 [Test worker] INFO  o.m.release.comparison.ZipCompare - 1 entries did not match
]]></system-out>
  <system-err><![CDATA[]]></system-err>
</testsuite>
