<?xml version="1.0" encoding="UTF-8"?>
<testsuite name="org.mockito.release.git.DefaultGitAuthorTest" tests="2" skipped="0" failures="0" errors="0" timestamp="2021-03-10T20:57:09" hostname="poorias-TuDelft-MacBook.local" time="0.006">
  <properties/>
  <testcase name="restores specific author" classname="org.mockito.release.git.DefaultGitAuthorTest" time="0.004"/>
  <testcase name="unsets author if not configured previously" classname="org.mockito.release.git.DefaultGitAuthorTest" time="0.001"/>
  <system-out><![CDATA[]]></system-out>
  <system-err><![CDATA[]]></system-err>
</testsuite>
