<?xml version="1.0" encoding="UTF-8"?>
<testsuite name="org.mockito.release.comparison.ZipCompareTest" tests="2" skipped="0" failures="0" errors="0" timestamp="2020-11-02T15:46:30" hostname="pourias-MacBook-Pro-2.local" time="0.127">
  <properties/>
  <testcase name="compares zips" classname="org.mockito.release.comparison.ZipCompareTest" time="0.123"/>
  <testcase name="fails early when any of the zips cannot be opened" classname="org.mockito.release.comparison.ZipCompareTest" time="0.004"/>
  <system-out><![CDATA[07:46:30.244 [Test worker] INFO  o.m.release.comparison.ZipCompare - Comparing /var/folders/f5/s1nzh6952gx5xjqgm27p73s00000gn/T/junit4993866870116064582/junit8222630229571458254/zip-1.zip with /var/folders/f5/s1nzh6952gx5xjqgm27p73s00000gn/T/junit4993866870116064582/junit8222630229571458254/zip-2.zip
07:46:30.245 [Test worker] INFO  o.m.release.comparison.ZipCompare - 4 entries matched
07:46:30.246 [Test worker] INFO  o.m.release.comparison.ZipCompare - Comparing /var/folders/f5/s1nzh6952gx5xjqgm27p73s00000gn/T/junit4993866870116064582/junit8222630229571458254/zip-2.zip with /var/folders/f5/s1nzh6952gx5xjqgm27p73s00000gn/T/junit4993866870116064582/junit8222630229571458254/zip-1.zip
07:46:30.246 [Test worker] INFO  o.m.release.comparison.ZipCompare - 4 entries matched
07:46:30.247 [Test worker] INFO  o.m.release.comparison.ZipCompare - Comparing /var/folders/f5/s1nzh6952gx5xjqgm27p73s00000gn/T/junit4993866870116064582/junit8222630229571458254/zip-6.zip with /var/folders/f5/s1nzh6952gx5xjqgm27p73s00000gn/T/junit4993866870116064582/junit8222630229571458254/zip-7.zip
07:46:30.247 [Test worker] INFO  o.m.release.comparison.ZipCompare - 0 entries matched
07:46:30.247 [Test worker] INFO  o.m.release.comparison.ZipCompare - Comparing /var/folders/f5/s1nzh6952gx5xjqgm27p73s00000gn/T/junit4993866870116064582/junit8222630229571458254/zip-7.zip with /var/folders/f5/s1nzh6952gx5xjqgm27p73s00000gn/T/junit4993866870116064582/junit8222630229571458254/zip-6.zip
07:46:30.247 [Test worker] INFO  o.m.release.comparison.ZipCompare - 0 entries matched
07:46:30.249 [Test worker] INFO  o.m.release.comparison.ZipCompare - Comparing /var/folders/f5/s1nzh6952gx5xjqgm27p73s00000gn/T/junit4993866870116064582/junit8222630229571458254/zip-1.zip with /var/folders/f5/s1nzh6952gx5xjqgm27p73s00000gn/T/junit4993866870116064582/junit8222630229571458254/zip-3.zip
07:46:30.250 [Test worker] INFO  o.m.release.comparison.ZipCompare - x/y/4.txt does not match
07:46:30.250 [Test worker] INFO  o.m.release.comparison.ZipCompare - 3 entries matched
07:46:30.250 [Test worker] INFO  o.m.release.comparison.ZipCompare - 1 entries did not match
07:46:30.251 [Test worker] INFO  o.m.release.comparison.ZipCompare - Comparing /var/folders/f5/s1nzh6952gx5xjqgm27p73s00000gn/T/junit4993866870116064582/junit8222630229571458254/zip-1.zip with /var/folders/f5/s1nzh6952gx5xjqgm27p73s00000gn/T/junit4993866870116064582/junit8222630229571458254/zip-4.zip
07:46:30.251 [Test worker] INFO  o.m.release.comparison.ZipCompare - x/y/4.txt not found in /var/folders/f5/s1nzh6952gx5xjqgm27p73s00000gn/T/junit4993866870116064582/junit8222630229571458254/zip-4.zip
07:46:30.251 [Test worker] INFO  o.m.release.comparison.ZipCompare - 3 entries matched
07:46:30.252 [Test worker] INFO  o.m.release.comparison.ZipCompare - 1 entries did not match
07:46:30.252 [Test worker] INFO  o.m.release.comparison.ZipCompare - Comparing /var/folders/f5/s1nzh6952gx5xjqgm27p73s00000gn/T/junit4993866870116064582/junit8222630229571458254/zip-1.zip with /var/folders/f5/s1nzh6952gx5xjqgm27p73s00000gn/T/junit4993866870116064582/junit8222630229571458254/zip-5.zip
07:46:30.253 [Test worker] INFO  o.m.release.comparison.ZipCompare - x.txt not found in /var/folders/f5/s1nzh6952gx5xjqgm27p73s00000gn/T/junit4993866870116064582/junit8222630229571458254/zip-1.zip
07:46:30.253 [Test worker] INFO  o.m.release.comparison.ZipCompare - 4 entries matched
07:46:30.253 [Test worker] INFO  o.m.release.comparison.ZipCompare - 1 entries did not match
07:46:30.253 [Test worker] INFO  o.m.release.comparison.ZipCompare - Comparing /var/folders/f5/s1nzh6952gx5xjqgm27p73s00000gn/T/junit4993866870116064582/junit8222630229571458254/zip-1.zip with /var/folders/f5/s1nzh6952gx5xjqgm27p73s00000gn/T/junit4993866870116064582/junit8222630229571458254/zip-6.zip
07:46:30.254 [Test worker] INFO  o.m.release.comparison.ZipCompare - 1.txt not found in /var/folders/f5/s1nzh6952gx5xjqgm27p73s00000gn/T/junit4993866870116064582/junit8222630229571458254/zip-6.zip
07:46:30.254 [Test worker] INFO  o.m.release.comparison.ZipCompare - x/2.txt not found in /var/folders/f5/s1nzh6952gx5xjqgm27p73s00000gn/T/junit4993866870116064582/junit8222630229571458254/zip-6.zip
07:46:30.254 [Test worker] INFO  o.m.release.comparison.ZipCompare - x/y/3.txt not found in /var/folders/f5/s1nzh6952gx5xjqgm27p73s00000gn/T/junit4993866870116064582/junit8222630229571458254/zip-6.zip
07:46:30.254 [Test worker] INFO  o.m.release.comparison.ZipCompare - x/y/4.txt not found in /var/folders/f5/s1nzh6952gx5xjqgm27p73s00000gn/T/junit4993866870116064582/junit8222630229571458254/zip-6.zip
07:46:30.257 [Test worker] INFO  o.m.release.comparison.ZipCompare - 0 entries matched
07:46:30.258 [Test worker] INFO  o.m.release.comparison.ZipCompare - 4 entries did not match
]]></system-out>
  <system-err><![CDATA[]]></system-err>
</testsuite>
