<?xml version="1.0" encoding="UTF-8"?>
<testsuite name="org.mockito.release.comparison.ZipCompareTest" tests="2" skipped="0" failures="0" errors="0" timestamp="2021-03-10T20:57:09" hostname="poorias-TuDelft-MacBook.local" time="0.062">
  <properties/>
  <testcase name="compares zips" classname="org.mockito.release.comparison.ZipCompareTest" time="0.057"/>
  <testcase name="fails early when any of the zips cannot be opened" classname="org.mockito.release.comparison.ZipCompareTest" time="0.005"/>
  <system-out><![CDATA[12:57:09.096 [Test worker] INFO  o.m.release.comparison.ZipCompare - Comparing /var/folders/t4/0qd1kfm97tz9g17z439t2gmm0000gn/T/junit6421847981679135436/junit1599602150741287002/zip-1.zip with /var/folders/t4/0qd1kfm97tz9g17z439t2gmm0000gn/T/junit6421847981679135436/junit1599602150741287002/zip-2.zip
12:57:09.096 [Test worker] INFO  o.m.release.comparison.ZipCompare - 4 entries matched
12:57:09.097 [Test worker] INFO  o.m.release.comparison.ZipCompare - Comparing /var/folders/t4/0qd1kfm97tz9g17z439t2gmm0000gn/T/junit6421847981679135436/junit1599602150741287002/zip-2.zip with /var/folders/t4/0qd1kfm97tz9g17z439t2gmm0000gn/T/junit6421847981679135436/junit1599602150741287002/zip-1.zip
12:57:09.098 [Test worker] INFO  o.m.release.comparison.ZipCompare - 4 entries matched
12:57:09.098 [Test worker] INFO  o.m.release.comparison.ZipCompare - Comparing /var/folders/t4/0qd1kfm97tz9g17z439t2gmm0000gn/T/junit6421847981679135436/junit1599602150741287002/zip-6.zip with /var/folders/t4/0qd1kfm97tz9g17z439t2gmm0000gn/T/junit6421847981679135436/junit1599602150741287002/zip-7.zip
12:57:09.098 [Test worker] INFO  o.m.release.comparison.ZipCompare - 0 entries matched
12:57:09.099 [Test worker] INFO  o.m.release.comparison.ZipCompare - Comparing /var/folders/t4/0qd1kfm97tz9g17z439t2gmm0000gn/T/junit6421847981679135436/junit1599602150741287002/zip-7.zip with /var/folders/t4/0qd1kfm97tz9g17z439t2gmm0000gn/T/junit6421847981679135436/junit1599602150741287002/zip-6.zip
12:57:09.099 [Test worker] INFO  o.m.release.comparison.ZipCompare - 0 entries matched
12:57:09.099 [Test worker] INFO  o.m.release.comparison.ZipCompare - Comparing /var/folders/t4/0qd1kfm97tz9g17z439t2gmm0000gn/T/junit6421847981679135436/junit1599602150741287002/zip-1.zip with /var/folders/t4/0qd1kfm97tz9g17z439t2gmm0000gn/T/junit6421847981679135436/junit1599602150741287002/zip-3.zip
12:57:09.100 [Test worker] INFO  o.m.release.comparison.ZipCompare - x/y/4.txt does not match
12:57:09.100 [Test worker] INFO  o.m.release.comparison.ZipCompare - 3 entries matched
12:57:09.100 [Test worker] INFO  o.m.release.comparison.ZipCompare - 1 entries did not match
12:57:09.100 [Test worker] INFO  o.m.release.comparison.ZipCompare - Comparing /var/folders/t4/0qd1kfm97tz9g17z439t2gmm0000gn/T/junit6421847981679135436/junit1599602150741287002/zip-1.zip with /var/folders/t4/0qd1kfm97tz9g17z439t2gmm0000gn/T/junit6421847981679135436/junit1599602150741287002/zip-4.zip
12:57:09.101 [Test worker] INFO  o.m.release.comparison.ZipCompare - x/y/4.txt not found in /var/folders/t4/0qd1kfm97tz9g17z439t2gmm0000gn/T/junit6421847981679135436/junit1599602150741287002/zip-4.zip
12:57:09.101 [Test worker] INFO  o.m.release.comparison.ZipCompare - 3 entries matched
12:57:09.101 [Test worker] INFO  o.m.release.comparison.ZipCompare - 1 entries did not match
12:57:09.101 [Test worker] INFO  o.m.release.comparison.ZipCompare - Comparing /var/folders/t4/0qd1kfm97tz9g17z439t2gmm0000gn/T/junit6421847981679135436/junit1599602150741287002/zip-1.zip with /var/folders/t4/0qd1kfm97tz9g17z439t2gmm0000gn/T/junit6421847981679135436/junit1599602150741287002/zip-5.zip
12:57:09.102 [Test worker] INFO  o.m.release.comparison.ZipCompare - x.txt not found in /var/folders/t4/0qd1kfm97tz9g17z439t2gmm0000gn/T/junit6421847981679135436/junit1599602150741287002/zip-1.zip
12:57:09.102 [Test worker] INFO  o.m.release.comparison.ZipCompare - 4 entries matched
12:57:09.102 [Test worker] INFO  o.m.release.comparison.ZipCompare - 1 entries did not match
12:57:09.103 [Test worker] INFO  o.m.release.comparison.ZipCompare - Comparing /var/folders/t4/0qd1kfm97tz9g17z439t2gmm0000gn/T/junit6421847981679135436/junit1599602150741287002/zip-1.zip with /var/folders/t4/0qd1kfm97tz9g17z439t2gmm0000gn/T/junit6421847981679135436/junit1599602150741287002/zip-6.zip
12:57:09.103 [Test worker] INFO  o.m.release.comparison.ZipCompare - 1.txt not found in /var/folders/t4/0qd1kfm97tz9g17z439t2gmm0000gn/T/junit6421847981679135436/junit1599602150741287002/zip-6.zip
12:57:09.103 [Test worker] INFO  o.m.release.comparison.ZipCompare - x/2.txt not found in /var/folders/t4/0qd1kfm97tz9g17z439t2gmm0000gn/T/junit6421847981679135436/junit1599602150741287002/zip-6.zip
12:57:09.103 [Test worker] INFO  o.m.release.comparison.ZipCompare - x/y/3.txt not found in /var/folders/t4/0qd1kfm97tz9g17z439t2gmm0000gn/T/junit6421847981679135436/junit1599602150741287002/zip-6.zip
12:57:09.103 [Test worker] INFO  o.m.release.comparison.ZipCompare - x/y/4.txt not found in /var/folders/t4/0qd1kfm97tz9g17z439t2gmm0000gn/T/junit6421847981679135436/junit1599602150741287002/zip-6.zip
12:57:09.103 [Test worker] INFO  o.m.release.comparison.ZipCompare - 0 entries matched
12:57:09.103 [Test worker] INFO  o.m.release.comparison.ZipCompare - 4 entries did not match
]]></system-out>
  <system-err><![CDATA[]]></system-err>
</testsuite>
