<?xml version="1.0" encoding="UTF-8"?>
<testsuite name="org.mockito.release.notes.vcs.TicketParserTest" tests="2" skipped="0" failures="0" errors="0" timestamp="2021-03-10T20:57:08" hostname="poorias-TuDelft-MacBook.local" time="0.016">
  <properties/>
  <testcase name="no referenced tickets" classname="org.mockito.release.notes.vcs.TicketParserTest" time="0.01"/>
  <testcase name="knows referenced tickets" classname="org.mockito.release.notes.vcs.TicketParserTest" time="0.006"/>
  <system-out><![CDATA[]]></system-out>
  <system-err><![CDATA[]]></system-err>
</testsuite>
