<?xml version="1.0" encoding="UTF-8"?>
<testsuite name="org.mockito.release.comparison.ZipCompareTest" tests="2" skipped="0" failures="0" errors="0" timestamp="2020-11-02T15:34:36" hostname="pourias-MacBook-Pro-2.local" time="0.173">
  <properties/>
  <testcase name="compares zips" classname="org.mockito.release.comparison.ZipCompareTest" time="0.148"/>
  <testcase name="fails early when any of the zips cannot be opened" classname="org.mockito.release.comparison.ZipCompareTest" time="0.017"/>
  <system-out><![CDATA[07:34:36.552 [Test worker] INFO  o.m.release.comparison.ZipCompare - Comparing /var/folders/f5/s1nzh6952gx5xjqgm27p73s00000gn/T/junit8747904658693471402/junit5812841434064977836/zip-1.zip with /var/folders/f5/s1nzh6952gx5xjqgm27p73s00000gn/T/junit8747904658693471402/junit5812841434064977836/zip-2.zip
07:34:36.555 [Test worker] INFO  o.m.release.comparison.ZipCompare - 4 entries matched
07:34:36.556 [Test worker] INFO  o.m.release.comparison.ZipCompare - Comparing /var/folders/f5/s1nzh6952gx5xjqgm27p73s00000gn/T/junit8747904658693471402/junit5812841434064977836/zip-2.zip with /var/folders/f5/s1nzh6952gx5xjqgm27p73s00000gn/T/junit8747904658693471402/junit5812841434064977836/zip-1.zip
07:34:36.560 [Test worker] INFO  o.m.release.comparison.ZipCompare - 4 entries matched
07:34:36.564 [Test worker] INFO  o.m.release.comparison.ZipCompare - Comparing /var/folders/f5/s1nzh6952gx5xjqgm27p73s00000gn/T/junit8747904658693471402/junit5812841434064977836/zip-1.zip with /var/folders/f5/s1nzh6952gx5xjqgm27p73s00000gn/T/junit8747904658693471402/junit5812841434064977836/zip-3.zip
07:34:36.566 [Test worker] INFO  o.m.release.comparison.ZipCompare - x/y/4.txt does not match
07:34:36.567 [Test worker] INFO  o.m.release.comparison.ZipCompare - 3 entries matched
07:34:36.570 [Test worker] INFO  o.m.release.comparison.ZipCompare - 1 entries did not match
07:34:36.571 [Test worker] INFO  o.m.release.comparison.ZipCompare - Comparing /var/folders/f5/s1nzh6952gx5xjqgm27p73s00000gn/T/junit8747904658693471402/junit5812841434064977836/zip-1.zip with /var/folders/f5/s1nzh6952gx5xjqgm27p73s00000gn/T/junit8747904658693471402/junit5812841434064977836/zip-4.zip
07:34:36.574 [Test worker] INFO  o.m.release.comparison.ZipCompare - x/y/4.txt not found in /var/folders/f5/s1nzh6952gx5xjqgm27p73s00000gn/T/junit8747904658693471402/junit5812841434064977836/zip-4.zip
07:34:36.574 [Test worker] INFO  o.m.release.comparison.ZipCompare - 3 entries matched
07:34:36.574 [Test worker] INFO  o.m.release.comparison.ZipCompare - 1 entries did not match
07:34:36.576 [Test worker] INFO  o.m.release.comparison.ZipCompare - Comparing /var/folders/f5/s1nzh6952gx5xjqgm27p73s00000gn/T/junit8747904658693471402/junit5812841434064977836/zip-1.zip with /var/folders/f5/s1nzh6952gx5xjqgm27p73s00000gn/T/junit8747904658693471402/junit5812841434064977836/zip-5.zip
07:34:36.578 [Test worker] INFO  o.m.release.comparison.ZipCompare - x.txt not found in /var/folders/f5/s1nzh6952gx5xjqgm27p73s00000gn/T/junit8747904658693471402/junit5812841434064977836/zip-1.zip
07:34:36.582 [Test worker] INFO  o.m.release.comparison.ZipCompare - 4 entries matched
07:34:36.582 [Test worker] INFO  o.m.release.comparison.ZipCompare - 1 entries did not match
]]></system-out>
  <system-err><![CDATA[]]></system-err>
</testsuite>
