<?xml version="1.0" encoding="UTF-8"?>
<testsuite name="org.mockito.release.notes.vcs.GitLogProviderTest" tests="1" skipped="0" failures="0" errors="0" timestamp="2020-11-02T15:34:35" hostname="pourias-MacBook-Pro-2.local" time="0.043">
  <properties/>
  <testcase name="provides log" classname="org.mockito.release.notes.vcs.GitLogProviderTest" time="0.043"/>
  <system-out><![CDATA[]]></system-out>
  <system-err><![CDATA[]]></system-err>
</testsuite>
