<?xml version="1.0" encoding="UTF-8"?>
<testsuite name="org.mockito.release.version.VersionBumperTest" tests="2" skipped="0" failures="0" errors="0" timestamp="2021-03-10T19:38:41" hostname="poorias-TuDelft-MacBook.local" time="0.004">
  <properties/>
  <testcase name="increments version" classname="org.mockito.release.version.VersionBumperTest" time="0.002"/>
  <testcase name="increments only 3 numbered versions" classname="org.mockito.release.version.VersionBumperTest" time="0.002"/>
  <system-out><![CDATA[]]></system-out>
  <system-err><![CDATA[]]></system-err>
</testsuite>
