<?xml version="1.0" encoding="UTF-8"?>
<testsuite name="org.mockito.release.comparison.ZipCompareTest" tests="2" skipped="0" failures="0" errors="0" timestamp="2021-03-10T19:38:41" hostname="poorias-TuDelft-MacBook.local" time="0.048">
  <properties/>
  <testcase name="compares zips" classname="org.mockito.release.comparison.ZipCompareTest" time="0.045"/>
  <testcase name="fails early when any of the zips cannot be opened" classname="org.mockito.release.comparison.ZipCompareTest" time="0.003"/>
  <system-out><![CDATA[11:38:41.390 [Test worker] INFO  o.m.release.comparison.ZipCompare - Comparing /var/folders/t4/0qd1kfm97tz9g17z439t2gmm0000gn/T/junit4411871998133978958/junit728857584322823373/zip-1.zip with /var/folders/t4/0qd1kfm97tz9g17z439t2gmm0000gn/T/junit4411871998133978958/junit728857584322823373/zip-2.zip
11:38:41.391 [Test worker] INFO  o.m.release.comparison.ZipCompare - 4 entries matched
11:38:41.391 [Test worker] INFO  o.m.release.comparison.ZipCompare - Comparing /var/folders/t4/0qd1kfm97tz9g17z439t2gmm0000gn/T/junit4411871998133978958/junit728857584322823373/zip-2.zip with /var/folders/t4/0qd1kfm97tz9g17z439t2gmm0000gn/T/junit4411871998133978958/junit728857584322823373/zip-1.zip
11:38:41.392 [Test worker] INFO  o.m.release.comparison.ZipCompare - 4 entries matched
11:38:41.392 [Test worker] INFO  o.m.release.comparison.ZipCompare - Comparing /var/folders/t4/0qd1kfm97tz9g17z439t2gmm0000gn/T/junit4411871998133978958/junit728857584322823373/zip-1.zip with /var/folders/t4/0qd1kfm97tz9g17z439t2gmm0000gn/T/junit4411871998133978958/junit728857584322823373/zip-3.zip
11:38:41.393 [Test worker] INFO  o.m.release.comparison.ZipCompare - x/y/4.txt does not match
11:38:41.393 [Test worker] INFO  o.m.release.comparison.ZipCompare - 3 entries matched
11:38:41.393 [Test worker] INFO  o.m.release.comparison.ZipCompare - 1 entries did not match
11:38:41.394 [Test worker] INFO  o.m.release.comparison.ZipCompare - Comparing /var/folders/t4/0qd1kfm97tz9g17z439t2gmm0000gn/T/junit4411871998133978958/junit728857584322823373/zip-1.zip with /var/folders/t4/0qd1kfm97tz9g17z439t2gmm0000gn/T/junit4411871998133978958/junit728857584322823373/zip-4.zip
11:38:41.394 [Test worker] INFO  o.m.release.comparison.ZipCompare - x/y/4.txt not found in /var/folders/t4/0qd1kfm97tz9g17z439t2gmm0000gn/T/junit4411871998133978958/junit728857584322823373/zip-4.zip
11:38:41.395 [Test worker] INFO  o.m.release.comparison.ZipCompare - 3 entries matched
11:38:41.395 [Test worker] INFO  o.m.release.comparison.ZipCompare - 1 entries did not match
11:38:41.395 [Test worker] INFO  o.m.release.comparison.ZipCompare - Comparing /var/folders/t4/0qd1kfm97tz9g17z439t2gmm0000gn/T/junit4411871998133978958/junit728857584322823373/zip-1.zip with /var/folders/t4/0qd1kfm97tz9g17z439t2gmm0000gn/T/junit4411871998133978958/junit728857584322823373/zip-5.zip
11:38:41.396 [Test worker] INFO  o.m.release.comparison.ZipCompare - x.txt not found in /var/folders/t4/0qd1kfm97tz9g17z439t2gmm0000gn/T/junit4411871998133978958/junit728857584322823373/zip-1.zip
11:38:41.396 [Test worker] INFO  o.m.release.comparison.ZipCompare - 4 entries matched
11:38:41.396 [Test worker] INFO  o.m.release.comparison.ZipCompare - 1 entries did not match
]]></system-out>
  <system-err><![CDATA[]]></system-err>
</testsuite>
