<?xml version="1.0" encoding="UTF-8"?>
<testsuite name="org.mockito.release.notes.vcs.TicketParserTest" tests="2" skipped="0" failures="0" errors="0" timestamp="2020-11-02T15:34:36" hostname="pourias-MacBook-Pro-2.local" time="0.022">
  <properties/>
  <testcase name="no referenced tickets" classname="org.mockito.release.notes.vcs.TicketParserTest" time="0.013"/>
  <testcase name="knows referenced tickets" classname="org.mockito.release.notes.vcs.TicketParserTest" time="0.008"/>
  <system-out><![CDATA[]]></system-out>
  <system-err><![CDATA[]]></system-err>
</testsuite>
