<?xml version="1.0" encoding="UTF-8"?>
<testsuite name="org.mockito.release.notes.improvements.DefaultImprovementsTest" tests="2" skipped="0" failures="0" errors="0" timestamp="2020-11-02T15:38:51" hostname="pourias-MacBook-Pro-2.local" time="0.009">
  <properties/>
  <testcase name="empty improvements" classname="org.mockito.release.notes.improvements.DefaultImprovementsTest" time="0.005"/>
  <testcase name="with improvements" classname="org.mockito.release.notes.improvements.DefaultImprovementsTest" time="0.004"/>
  <system-out><![CDATA[]]></system-out>
  <system-err><![CDATA[]]></system-err>
</testsuite>
