<?xml version="1.0" encoding="UTF-8"?>
<testsuite name="org.mockito.release.comparison.ZipCompareTest" tests="2" skipped="0" failures="0" errors="0" timestamp="2020-11-02T15:38:51" hostname="pourias-MacBook-Pro-2.local" time="0.069">
  <properties/>
  <testcase name="compares zips" classname="org.mockito.release.comparison.ZipCompareTest" time="0.065"/>
  <testcase name="fails early when any of the zips cannot be opened" classname="org.mockito.release.comparison.ZipCompareTest" time="0.004"/>
  <system-out><![CDATA[07:38:51.913 [Test worker] INFO  o.m.release.comparison.ZipCompare - Comparing /var/folders/f5/s1nzh6952gx5xjqgm27p73s00000gn/T/junit939285934209075814/junit5693387990677349473/zip-1.zip with /var/folders/f5/s1nzh6952gx5xjqgm27p73s00000gn/T/junit939285934209075814/junit5693387990677349473/zip-2.zip
07:38:51.914 [Test worker] INFO  o.m.release.comparison.ZipCompare - 4 entries matched
07:38:51.914 [Test worker] INFO  o.m.release.comparison.ZipCompare - Comparing /var/folders/f5/s1nzh6952gx5xjqgm27p73s00000gn/T/junit939285934209075814/junit5693387990677349473/zip-2.zip with /var/folders/f5/s1nzh6952gx5xjqgm27p73s00000gn/T/junit939285934209075814/junit5693387990677349473/zip-1.zip
07:38:51.914 [Test worker] INFO  o.m.release.comparison.ZipCompare - 4 entries matched
07:38:51.915 [Test worker] INFO  o.m.release.comparison.ZipCompare - Comparing /var/folders/f5/s1nzh6952gx5xjqgm27p73s00000gn/T/junit939285934209075814/junit5693387990677349473/zip-1.zip with /var/folders/f5/s1nzh6952gx5xjqgm27p73s00000gn/T/junit939285934209075814/junit5693387990677349473/zip-3.zip
07:38:51.915 [Test worker] INFO  o.m.release.comparison.ZipCompare - x/y/4.txt does not match
07:38:51.915 [Test worker] INFO  o.m.release.comparison.ZipCompare - 3 entries matched
07:38:51.915 [Test worker] INFO  o.m.release.comparison.ZipCompare - 1 entries did not match
07:38:51.916 [Test worker] INFO  o.m.release.comparison.ZipCompare - Comparing /var/folders/f5/s1nzh6952gx5xjqgm27p73s00000gn/T/junit939285934209075814/junit5693387990677349473/zip-1.zip with /var/folders/f5/s1nzh6952gx5xjqgm27p73s00000gn/T/junit939285934209075814/junit5693387990677349473/zip-4.zip
07:38:51.916 [Test worker] INFO  o.m.release.comparison.ZipCompare - x/y/4.txt not found in /var/folders/f5/s1nzh6952gx5xjqgm27p73s00000gn/T/junit939285934209075814/junit5693387990677349473/zip-4.zip
07:38:51.916 [Test worker] INFO  o.m.release.comparison.ZipCompare - 3 entries matched
07:38:51.917 [Test worker] INFO  o.m.release.comparison.ZipCompare - 1 entries did not match
07:38:51.917 [Test worker] INFO  o.m.release.comparison.ZipCompare - Comparing /var/folders/f5/s1nzh6952gx5xjqgm27p73s00000gn/T/junit939285934209075814/junit5693387990677349473/zip-1.zip with /var/folders/f5/s1nzh6952gx5xjqgm27p73s00000gn/T/junit939285934209075814/junit5693387990677349473/zip-5.zip
07:38:51.917 [Test worker] INFO  o.m.release.comparison.ZipCompare - x.txt not found in /var/folders/f5/s1nzh6952gx5xjqgm27p73s00000gn/T/junit939285934209075814/junit5693387990677349473/zip-1.zip
07:38:51.917 [Test worker] INFO  o.m.release.comparison.ZipCompare - 4 entries matched
07:38:51.917 [Test worker] INFO  o.m.release.comparison.ZipCompare - 1 entries did not match
]]></system-out>
  <system-err><![CDATA[]]></system-err>
</testsuite>
