<?xml version="1.0" encoding="UTF-8"?>
<testsuite name="org.mockito.release.comparison.ZipCompareTest" tests="2" skipped="0" failures="0" errors="0" timestamp="2021-03-10T20:21:39" hostname="poorias-TuDelft-MacBook.local" time="0.056">
  <properties/>
  <testcase name="compares zips" classname="org.mockito.release.comparison.ZipCompareTest" time="0.053"/>
  <testcase name="fails early when any of the zips cannot be opened" classname="org.mockito.release.comparison.ZipCompareTest" time="0.003"/>
  <system-out><![CDATA[12:21:39.434 [Test worker] INFO  o.m.release.comparison.ZipCompare - Comparing /var/folders/t4/0qd1kfm97tz9g17z439t2gmm0000gn/T/junit2359803628990280615/junit202588368608310882/zip-1.zip with /var/folders/t4/0qd1kfm97tz9g17z439t2gmm0000gn/T/junit2359803628990280615/junit202588368608310882/zip-2.zip
12:21:39.435 [Test worker] INFO  o.m.release.comparison.ZipCompare - 4 entries matched
12:21:39.435 [Test worker] INFO  o.m.release.comparison.ZipCompare - Comparing /var/folders/t4/0qd1kfm97tz9g17z439t2gmm0000gn/T/junit2359803628990280615/junit202588368608310882/zip-2.zip with /var/folders/t4/0qd1kfm97tz9g17z439t2gmm0000gn/T/junit2359803628990280615/junit202588368608310882/zip-1.zip
12:21:39.435 [Test worker] INFO  o.m.release.comparison.ZipCompare - 4 entries matched
12:21:39.436 [Test worker] INFO  o.m.release.comparison.ZipCompare - Comparing /var/folders/t4/0qd1kfm97tz9g17z439t2gmm0000gn/T/junit2359803628990280615/junit202588368608310882/zip-1.zip with /var/folders/t4/0qd1kfm97tz9g17z439t2gmm0000gn/T/junit2359803628990280615/junit202588368608310882/zip-3.zip
12:21:39.436 [Test worker] INFO  o.m.release.comparison.ZipCompare - x/y/4.txt does not match
12:21:39.437 [Test worker] INFO  o.m.release.comparison.ZipCompare - 3 entries matched
12:21:39.437 [Test worker] INFO  o.m.release.comparison.ZipCompare - 1 entries did not match
12:21:39.437 [Test worker] INFO  o.m.release.comparison.ZipCompare - Comparing /var/folders/t4/0qd1kfm97tz9g17z439t2gmm0000gn/T/junit2359803628990280615/junit202588368608310882/zip-1.zip with /var/folders/t4/0qd1kfm97tz9g17z439t2gmm0000gn/T/junit2359803628990280615/junit202588368608310882/zip-4.zip
12:21:39.438 [Test worker] INFO  o.m.release.comparison.ZipCompare - x/y/4.txt not found in /var/folders/t4/0qd1kfm97tz9g17z439t2gmm0000gn/T/junit2359803628990280615/junit202588368608310882/zip-4.zip
12:21:39.439 [Test worker] INFO  o.m.release.comparison.ZipCompare - 3 entries matched
12:21:39.439 [Test worker] INFO  o.m.release.comparison.ZipCompare - 1 entries did not match
12:21:39.439 [Test worker] INFO  o.m.release.comparison.ZipCompare - Comparing /var/folders/t4/0qd1kfm97tz9g17z439t2gmm0000gn/T/junit2359803628990280615/junit202588368608310882/zip-1.zip with /var/folders/t4/0qd1kfm97tz9g17z439t2gmm0000gn/T/junit2359803628990280615/junit202588368608310882/zip-5.zip
12:21:39.440 [Test worker] INFO  o.m.release.comparison.ZipCompare - x.txt not found in /var/folders/t4/0qd1kfm97tz9g17z439t2gmm0000gn/T/junit2359803628990280615/junit202588368608310882/zip-1.zip
12:21:39.440 [Test worker] INFO  o.m.release.comparison.ZipCompare - 4 entries matched
12:21:39.440 [Test worker] INFO  o.m.release.comparison.ZipCompare - 1 entries did not match
]]></system-out>
  <system-err><![CDATA[]]></system-err>
</testsuite>
