<?xml version="1.0" encoding="UTF-8"?>
<testsuite name="org.mockito.release.notes.util.IOUtilTest" tests="3" skipped="0" failures="0" errors="0" timestamp="2020-11-02T15:41:58" hostname="pourias-MacBook-Pro-2.local" time="0.057">
  <properties/>
  <testcase name="reads stream" classname="org.mockito.release.notes.util.IOUtilTest" time="0.042"/>
  <testcase name="closes streams" classname="org.mockito.release.notes.util.IOUtilTest" time="0.003"/>
  <testcase name="writes file" classname="org.mockito.release.notes.util.IOUtilTest" time="0.012"/>
  <system-out><![CDATA[]]></system-out>
  <system-err><![CDATA[]]></system-err>
</testsuite>
