<?xml version="1.0" encoding="UTF-8"?>
<testsuite name="org.mockito.release.comparison.ZipCompareTest" tests="2" skipped="0" failures="0" errors="0" timestamp="2021-03-10T20:33:24" hostname="poorias-TuDelft-MacBook.local" time="0.059">
  <properties/>
  <testcase name="compares zips" classname="org.mockito.release.comparison.ZipCompareTest" time="0.055"/>
  <testcase name="fails early when any of the zips cannot be opened" classname="org.mockito.release.comparison.ZipCompareTest" time="0.003"/>
  <system-out><![CDATA[12:33:24.190 [Test worker] INFO  o.m.release.comparison.ZipCompare - Comparing /var/folders/t4/0qd1kfm97tz9g17z439t2gmm0000gn/T/junit7366085350438225182/junit203270677726361237/zip-1.zip with /var/folders/t4/0qd1kfm97tz9g17z439t2gmm0000gn/T/junit7366085350438225182/junit203270677726361237/zip-2.zip
12:33:24.191 [Test worker] INFO  o.m.release.comparison.ZipCompare - 4 entries matched
12:33:24.191 [Test worker] INFO  o.m.release.comparison.ZipCompare - Comparing /var/folders/t4/0qd1kfm97tz9g17z439t2gmm0000gn/T/junit7366085350438225182/junit203270677726361237/zip-2.zip with /var/folders/t4/0qd1kfm97tz9g17z439t2gmm0000gn/T/junit7366085350438225182/junit203270677726361237/zip-1.zip
12:33:24.192 [Test worker] INFO  o.m.release.comparison.ZipCompare - 4 entries matched
12:33:24.192 [Test worker] INFO  o.m.release.comparison.ZipCompare - Comparing /var/folders/t4/0qd1kfm97tz9g17z439t2gmm0000gn/T/junit7366085350438225182/junit203270677726361237/zip-1.zip with /var/folders/t4/0qd1kfm97tz9g17z439t2gmm0000gn/T/junit7366085350438225182/junit203270677726361237/zip-3.zip
12:33:24.193 [Test worker] INFO  o.m.release.comparison.ZipCompare - x/y/4.txt does not match
12:33:24.193 [Test worker] INFO  o.m.release.comparison.ZipCompare - 3 entries matched
12:33:24.194 [Test worker] INFO  o.m.release.comparison.ZipCompare - 1 entries did not match
12:33:24.194 [Test worker] INFO  o.m.release.comparison.ZipCompare - Comparing /var/folders/t4/0qd1kfm97tz9g17z439t2gmm0000gn/T/junit7366085350438225182/junit203270677726361237/zip-1.zip with /var/folders/t4/0qd1kfm97tz9g17z439t2gmm0000gn/T/junit7366085350438225182/junit203270677726361237/zip-4.zip
12:33:24.195 [Test worker] INFO  o.m.release.comparison.ZipCompare - x/y/4.txt not found in /var/folders/t4/0qd1kfm97tz9g17z439t2gmm0000gn/T/junit7366085350438225182/junit203270677726361237/zip-4.zip
12:33:24.195 [Test worker] INFO  o.m.release.comparison.ZipCompare - 3 entries matched
12:33:24.195 [Test worker] INFO  o.m.release.comparison.ZipCompare - 1 entries did not match
12:33:24.196 [Test worker] INFO  o.m.release.comparison.ZipCompare - Comparing /var/folders/t4/0qd1kfm97tz9g17z439t2gmm0000gn/T/junit7366085350438225182/junit203270677726361237/zip-1.zip with /var/folders/t4/0qd1kfm97tz9g17z439t2gmm0000gn/T/junit7366085350438225182/junit203270677726361237/zip-5.zip
12:33:24.197 [Test worker] INFO  o.m.release.comparison.ZipCompare - x.txt not found in /var/folders/t4/0qd1kfm97tz9g17z439t2gmm0000gn/T/junit7366085350438225182/junit203270677726361237/zip-1.zip
12:33:24.197 [Test worker] INFO  o.m.release.comparison.ZipCompare - 4 entries matched
12:33:24.197 [Test worker] INFO  o.m.release.comparison.ZipCompare - 1 entries did not match
]]></system-out>
  <system-err><![CDATA[]]></system-err>
</testsuite>
