<?xml version="1.0" encoding="UTF-8"?>
<testsuite name="org.mockito.release.comparison.ZipCompareTest" tests="2" skipped="0" failures="0" errors="0" timestamp="2020-11-02T15:40:13" hostname="pourias-MacBook-Pro-2.local" time="0.057">
  <properties/>
  <testcase name="compares zips" classname="org.mockito.release.comparison.ZipCompareTest" time="0.054"/>
  <testcase name="fails early when any of the zips cannot be opened" classname="org.mockito.release.comparison.ZipCompareTest" time="0.003"/>
  <system-out><![CDATA[07:40:13.621 [Test worker] INFO  o.m.release.comparison.ZipCompare - Comparing /var/folders/f5/s1nzh6952gx5xjqgm27p73s00000gn/T/junit2199696537780129721/junit6607515258482742595/zip-1.zip with /var/folders/f5/s1nzh6952gx5xjqgm27p73s00000gn/T/junit2199696537780129721/junit6607515258482742595/zip-2.zip
07:40:13.622 [Test worker] INFO  o.m.release.comparison.ZipCompare - 4 entries matched
07:40:13.622 [Test worker] INFO  o.m.release.comparison.ZipCompare - Comparing /var/folders/f5/s1nzh6952gx5xjqgm27p73s00000gn/T/junit2199696537780129721/junit6607515258482742595/zip-2.zip with /var/folders/f5/s1nzh6952gx5xjqgm27p73s00000gn/T/junit2199696537780129721/junit6607515258482742595/zip-1.zip
07:40:13.623 [Test worker] INFO  o.m.release.comparison.ZipCompare - 4 entries matched
07:40:13.623 [Test worker] INFO  o.m.release.comparison.ZipCompare - Comparing /var/folders/f5/s1nzh6952gx5xjqgm27p73s00000gn/T/junit2199696537780129721/junit6607515258482742595/zip-1.zip with /var/folders/f5/s1nzh6952gx5xjqgm27p73s00000gn/T/junit2199696537780129721/junit6607515258482742595/zip-3.zip
07:40:13.624 [Test worker] INFO  o.m.release.comparison.ZipCompare - x/y/4.txt does not match
07:40:13.624 [Test worker] INFO  o.m.release.comparison.ZipCompare - 3 entries matched
07:40:13.624 [Test worker] INFO  o.m.release.comparison.ZipCompare - 1 entries did not match
07:40:13.624 [Test worker] INFO  o.m.release.comparison.ZipCompare - Comparing /var/folders/f5/s1nzh6952gx5xjqgm27p73s00000gn/T/junit2199696537780129721/junit6607515258482742595/zip-1.zip with /var/folders/f5/s1nzh6952gx5xjqgm27p73s00000gn/T/junit2199696537780129721/junit6607515258482742595/zip-4.zip
07:40:13.624 [Test worker] INFO  o.m.release.comparison.ZipCompare - x/y/4.txt not found in /var/folders/f5/s1nzh6952gx5xjqgm27p73s00000gn/T/junit2199696537780129721/junit6607515258482742595/zip-4.zip
07:40:13.625 [Test worker] INFO  o.m.release.comparison.ZipCompare - 3 entries matched
07:40:13.625 [Test worker] INFO  o.m.release.comparison.ZipCompare - 1 entries did not match
07:40:13.625 [Test worker] INFO  o.m.release.comparison.ZipCompare - Comparing /var/folders/f5/s1nzh6952gx5xjqgm27p73s00000gn/T/junit2199696537780129721/junit6607515258482742595/zip-1.zip with /var/folders/f5/s1nzh6952gx5xjqgm27p73s00000gn/T/junit2199696537780129721/junit6607515258482742595/zip-5.zip
07:40:13.625 [Test worker] INFO  o.m.release.comparison.ZipCompare - x.txt not found in /var/folders/f5/s1nzh6952gx5xjqgm27p73s00000gn/T/junit2199696537780129721/junit6607515258482742595/zip-1.zip
07:40:13.626 [Test worker] INFO  o.m.release.comparison.ZipCompare - 4 entries matched
07:40:13.626 [Test worker] INFO  o.m.release.comparison.ZipCompare - 1 entries did not match
]]></system-out>
  <system-err><![CDATA[]]></system-err>
</testsuite>
