<?xml version="1.0" encoding="UTF-8"?>
<testsuite name="org.mockito.release.notes.util.IOUtilTest" tests="3" skipped="0" failures="0" errors="0" timestamp="2021-03-10T20:26:59" hostname="poorias-TuDelft-MacBook.local" time="0.025">
  <properties/>
  <testcase name="reads stream" classname="org.mockito.release.notes.util.IOUtilTest" time="0.017"/>
  <testcase name="closes streams" classname="org.mockito.release.notes.util.IOUtilTest" time="0.001"/>
  <testcase name="writes file" classname="org.mockito.release.notes.util.IOUtilTest" time="0.004"/>
  <system-out><![CDATA[]]></system-out>
  <system-err><![CDATA[]]></system-err>
</testsuite>
