<?xml version="1.0" encoding="UTF-8"?>
<testsuite name="org.mockito.release.notes.improvements.DefaultImprovementsTest" tests="2" skipped="0" failures="0" errors="0" timestamp="2021-03-10T20:41:20" hostname="poorias-TuDelft-MacBook.local" time="0.009">
  <properties/>
  <testcase name="empty improvements" classname="org.mockito.release.notes.improvements.DefaultImprovementsTest" time="0.005"/>
  <testcase name="with improvements" classname="org.mockito.release.notes.improvements.DefaultImprovementsTest" time="0.003"/>
  <system-out><![CDATA[]]></system-out>
  <system-err><![CDATA[]]></system-err>
</testsuite>
