<?xml version="1.0" encoding="UTF-8"?>
<testsuite name="org.mockito.release.util.ArgumentValidationTest" tests="3" skipped="0" failures="0" errors="0" timestamp="2021-03-10T20:41:20" hostname="poorias-TuDelft-MacBook.local" time="0.286">
  <properties/>
  <testcase name="validates arguments" classname="org.mockito.release.util.ArgumentValidationTest" time="0.256"/>
  <testcase name="throws exception when null found" classname="org.mockito.release.util.ArgumentValidationTest" time="0.022"/>
  <testcase name="warns when incorrect input supplied" classname="org.mockito.release.util.ArgumentValidationTest" time="0.006"/>
  <system-out><![CDATA[]]></system-out>
  <system-err><![CDATA[]]></system-err>
</testsuite>
