<?xml version="1.0" encoding="UTF-8"?>
<testsuite name="org.mockito.release.notes.NotesPrinterTest" tests="1" skipped="0" failures="0" errors="0" timestamp="2020-11-02T15:43:15" hostname="pourias-MacBook-Pro-2.local" time="0.026">
  <properties/>
  <testcase name="prints notes" classname="org.mockito.release.notes.NotesPrinterTest" time="0.026"/>
  <system-out><![CDATA[]]></system-out>
  <system-err><![CDATA[]]></system-err>
</testsuite>
